Sat, 05 Oct 2024 19:18:16 +0545 ----> duplicate user
Sat, 05 Oct 2024 19:18:16 +0545 ----> duplicate user
Sat, 05 Oct 2024 19:32:17 +0545 ----> duplicate user
Sat, 05 Oct 2024 19:43:24 +0545 ----> duplicate user
Sat, 05 Oct 2024 19:45:12 +0545 ----> duplicate user
Sat, 05 Oct 2024 19:45:12 +0545 ----> duplicate user
Sat, 05 Oct 2024 19:45:12 +0545 ----> duplicate user
Sat, 05 Oct 2024 19:45:12 +0545 ----> duplicate user
Sat, 05 Oct 2024 19:46:04 +0545 ----> duplicate user
Sat, 05 Oct 2024 19:46:04 +0545 ----> duplicate user
Sat, 05 Oct 2024 19:46:04 +0545 ----> duplicate user
Wed, 09 Oct 2024 19:34:50 +0545 ----> created new knob
Wed, 09 Oct 2024 19:34:50 +0545 ----> Knob already exists
Wed, 09 Oct 2024 19:34:50 +0545 ----> cannot create new knob
Wed, 09 Oct 2024 19:34:50 +0545 ----> created new knob
Wed, 09 Oct 2024 19:34:50 +0545 ----> created new knob
Wed, 09 Oct 2024 19:34:50 +0545 ----> Knob already exists
Wed, 09 Oct 2024 19:34:50 +0545 ----> cannot create new knob
Wed, 09 Oct 2024 19:34:50 +0545 ----> Knob already exists
Wed, 09 Oct 2024 19:34:50 +0545 ----> cannot create new knob
Wed, 09 Oct 2024 20:11:16 +0545 ----> username should be more than 3 characters long
Wed, 09 Oct 2024 20:11:16 +0545 ----> username should be more than 3 characters long
Wed, 09 Oct 2024 20:25:47 +0545 ----> password should be more than 8 characters long
Wed, 09 Oct 2024 20:25:47 +0545 ----> password should be more than 8 characters long
Wed, 09 Oct 2024 20:25:47 +0545 ----> duplicate user
Wed, 09 Oct 2024 20:25:47 +0545 ----> duplicate user
Wed, 09 Oct 2024 20:25:47 +0545 ----> duplicate user
Wed, 09 Oct 2024 20:25:47 +0545 ----> duplicate user
Wed, 09 Oct 2024 20:25:47 +0545 ----> duplicate user
Wed, 09 Oct 2024 20:25:47 +0545 ----> duplicate user
Wed, 09 Oct 2024 20:25:47 +0545 ----> duplicate user
Wed, 09 Oct 2024 20:25:47 +0545 ----> duplicate user
Wed, 09 Oct 2024 20:25:47 +0545 ----> duplicate user
Wed, 09 Oct 2024 20:25:47 +0545 ----> duplicate user
Wed, 09 Oct 2024 20:25:47 +0545 ----> duplicate user
Wed, 09 Oct 2024 20:25:47 +0545 ----> duplicate user
Wed, 09 Oct 2024 20:25:47 +0545 ----> duplicate user
Wed, 09 Oct 2024 20:25:47 +0545 ----> duplicate user
Wed, 09 Oct 2024 20:25:47 +0545 ----> duplicate user
Wed, 09 Oct 2024 20:25:47 +0545 ----> gave session key to monkey2
Wed, 09 Oct 2024 20:25:47 +0545 ----> gave session key to monkey2
Wed, 09 Oct 2024 20:25:47 +0545 ----> gave session key to monkey2
Wed, 09 Oct 2024 20:25:47 +0545 ----> gave session key to monkey2
Wed, 09 Oct 2024 20:25:47 +0545 ----> gave session key to monkey2
Wed, 09 Oct 2024 20:25:47 +0545 ----> gave session key to monkey2
Wed, 09 Oct 2024 20:25:47 +0545 ----> gave session key to monkey2
Wed, 09 Oct 2024 20:44:54 +0545 ----> gave session key to monkey2
Wed, 09 Oct 2024 20:44:54 +0545 ----> gave session key to monkey2
Wed, 09 Oct 2024 20:44:54 +0545 ----> gave session key to monkey2
Wed, 09 Oct 2024 20:44:54 +0545 ----> gave session key to monkey2
Wed, 09 Oct 2024 20:44:54 +0545 ----> gave session key to monkey2
Wed, 09 Oct 2024 20:44:54 +0545 ----> gave session key to monkey2
Wed, 09 Oct 2024 20:44:54 +0545 ----> gave session key to monkey2
Wed, 09 Oct 2024 20:44:54 +0545 ----> gave session key to monkey2
Wed, 09 Oct 2024 20:44:54 +0545 ----> gave session key to monkey2
Wed, 09 Oct 2024 20:44:54 +0545 ----> gave session key to monkey2
Wed, 09 Oct 2024 20:44:54 +0545 ----> gave session key to monkey2
Wed, 09 Oct 2024 20:44:54 +0545 ----> gave session key to monkey2
Wed, 09 Oct 2024 20:44:54 +0545 ----> gave session key to monkey2
Wed, 09 Oct 2024 20:44:54 +0545 ----> cannot retrive user session
Wed, 09 Oct 2024 20:44:54 +0545 ----> gave session key to monkey2
Wed, 09 Oct 2024 20:44:54 +0545 ----> gave session key to monkey2
Thu, 10 Oct 2024 20:22:50 +0545 ----> gave session key to monkey2
Thu, 10 Oct 2024 20:22:50 +0545 ----> pq: insert or update on table "knobs" violates foreign key constraint "knobs_user_id_fkey"
Thu, 10 Oct 2024 20:22:50 +0545 ----> cannot create new knob
Thu, 10 Oct 2024 20:22:50 +0545 ----> pq: insert or update on table "knobs" violates foreign key constraint "knobs_user_id_fkey"
Thu, 10 Oct 2024 20:22:50 +0545 ----> cannot create new knob
Thu, 10 Oct 2024 20:22:50 +0545 ----> pq: insert or update on table "knobs" violates foreign key constraint "knobs_user_id_fkey"
Thu, 10 Oct 2024 20:22:50 +0545 ----> cannot create new knob
Thu, 10 Oct 2024 20:22:50 +0545 ----> Knob already exists
Thu, 10 Oct 2024 20:22:50 +0545 ----> cannot create new knob
Thu, 10 Oct 2024 20:22:50 +0545 ----> created new knob
Thu, 10 Oct 2024 20:22:50 +0545 ----> Knob already exists
Thu, 10 Oct 2024 20:22:50 +0545 ----> cannot create new knob
Thu, 10 Oct 2024 20:22:50 +0545 ----> Knob already exists
Thu, 10 Oct 2024 20:22:50 +0545 ----> cannot create new knob
Thu, 10 Oct 2024 20:22:50 +0545 ----> pq: insert or update on table "knobs" violates foreign key constraint "knobs_user_id_fkey"
Thu, 10 Oct 2024 20:22:50 +0545 ----> cannot create new knob
Thu, 10 Oct 2024 20:22:50 +0545 ----> Knob already exists
Thu, 10 Oct 2024 20:22:50 +0545 ----> cannot create new knob
Thu, 10 Oct 2024 20:22:50 +0545 ----> pq: insert or update on table "knobs" violates foreign key constraint "knobs_user_id_fkey"
Thu, 10 Oct 2024 20:22:50 +0545 ----> cannot create new knob
Thu, 10 Oct 2024 20:22:50 +0545 ----> Knob already exists
Thu, 10 Oct 2024 20:22:50 +0545 ----> cannot create new knob
Thu, 10 Oct 2024 20:22:50 +0545 ----> created new knob
Thu, 10 Oct 2024 20:22:50 +0545 ----> pq: insert or update on table "knobs" violates foreign key constraint "knobs_user_id_fkey"
Thu, 10 Oct 2024 20:22:50 +0545 ----> cannot create new knob
Thu, 10 Oct 2024 20:22:50 +0545 ----> pq: insert or update on table "knobs" violates foreign key constraint "knobs_user_id_fkey"
Thu, 10 Oct 2024 20:22:50 +0545 ----> cannot create new knob
Thu, 10 Oct 2024 23:36:52 +0545 ----> $2a$10$WcLV.GEjCXzpT4A9IZWT..5kTeg0uOyzYufmxXevYKPXs6IsQpma2
Thu, 10 Oct 2024 23:36:52 +0545 ----> how to create a happy life
Thu, 10 Oct 2024 23:36:52 +0545 ----> created new knob
Thu, 10 Oct 2024 23:36:52 +0545 ----> $2a$10$WcLV.GEjCXzpT4A9IZWT..5kTeg0uOyzYufmxXevYKPXs6IsQpma2
Thu, 10 Oct 2024 23:36:52 +0545 ----> how to create a happy life
Thu, 10 Oct 2024 23:36:52 +0545 ----> Knob already exists
Thu, 10 Oct 2024 23:36:52 +0545 ----> cannot create new knob
Thu, 10 Oct 2024 23:36:52 +0545 ----> $2a$10$WcLV.GEjCXzpT4A9IZWT..5kTeg0uOyzYufmxXevYKPXs6IsQpma2
Thu, 10 Oct 2024 23:36:52 +0545 ----> hello world uwu
Thu, 10 Oct 2024 23:36:52 +0545 ----> created new knob
Thu, 10 Oct 2024 23:36:52 +0545 ----> $2a$10$WcLV.GEjCXzpT4A9IZWT..5kTeg0uOyzYufmxXevYKPXs6IsQpma2
Thu, 10 Oct 2024 23:36:52 +0545 ----> hello world uwu
Thu, 10 Oct 2024 23:36:52 +0545 ----> Knob already exists
Thu, 10 Oct 2024 23:36:52 +0545 ----> cannot create new knob
Thu, 10 Oct 2024 23:36:52 +0545 ----> $2a$10$WcLV.GEjCXzpT4A9IZWT..5kTeg0uOyzYufmxXevYKPXs6IsQpma2
Thu, 10 Oct 2024 23:36:52 +0545 ----> afadf
Thu, 10 Oct 2024 23:36:52 +0545 ----> created new knob
Thu, 10 Oct 2024 23:36:52 +0545 ----> $2a$10$WcLV.GEjCXzpT4A9IZWT..5kTeg0uOyzYufmxXevYKPXs6IsQpma2
Thu, 10 Oct 2024 23:36:52 +0545 ----> afadf
Thu, 10 Oct 2024 23:36:52 +0545 ----> Knob already exists
Thu, 10 Oct 2024 23:36:52 +0545 ----> cannot create new knob
Thu, 10 Oct 2024 23:36:52 +0545 ----> $2a$10$WcLV.GEjCXzpT4A9IZWT..5kTeg0uOyzYufmxXevYKPXs6IsQpma2
Thu, 10 Oct 2024 23:36:52 +0545 ----> a
Thu, 10 Oct 2024 23:36:52 +0545 ----> created new knob
Thu, 10 Oct 2024 23:36:52 +0545 ----> $2a$10$WcLV.GEjCXzpT4A9IZWT..5kTeg0uOyzYufmxXevYKPXs6IsQpma2
Thu, 10 Oct 2024 23:36:52 +0545 ----> a
Thu, 10 Oct 2024 23:36:52 +0545 ----> Knob already exists
Thu, 10 Oct 2024 23:36:52 +0545 ----> cannot create new knob
Thu, 10 Oct 2024 23:36:52 +0545 ----> $2a$10$WcLV.GEjCXzpT4A9IZWT..5kTeg0uOyzYufmxXevYKPXs6IsQpma2
Thu, 10 Oct 2024 23:36:52 +0545 ----> a
Thu, 10 Oct 2024 23:36:52 +0545 ----> Knob already exists
Thu, 10 Oct 2024 23:36:52 +0545 ----> cannot create new knob
Thu, 10 Oct 2024 23:36:52 +0545 ----> $2a$10$WcLV.GEjCXzpT4A9IZWT..5kTeg0uOyzYufmxXevYKPXs6IsQpma2
Thu, 10 Oct 2024 23:36:52 +0545 ----> a
Thu, 10 Oct 2024 23:36:52 +0545 ----> Knob already exists
Thu, 10 Oct 2024 23:36:52 +0545 ----> cannot create new knob
Fri, 11 Oct 2024 19:35:10 +0545 ----> 
Fri, 11 Oct 2024 19:35:10 +0545 ----> how to create monkeys artificially
Fri, 11 Oct 2024 19:35:10 +0545 ----> pq: insert or update on table "knobs" violates foreign key constraint "knobs_user_id_fkey"
Fri, 11 Oct 2024 19:35:10 +0545 ----> cannot create new knob
Fri, 11 Oct 2024 19:39:22 +0545 ----> failed to get knob
Fri, 11 Oct 2024 19:39:22 +0545 ----> failed to get knob
Fri, 11 Oct 2024 19:39:22 +0545 ----> failed to get knob
Fri, 11 Oct 2024 19:39:22 +0545 ----> failed to get knob
Fri, 11 Oct 2024 19:53:11 +0545 ----> 
Fri, 11 Oct 2024 19:53:11 +0545 ----> how to create monkeys artificially version 4
Fri, 11 Oct 2024 19:53:11 +0545 ----> pq: INSERT has more target columns than expressions
Fri, 11 Oct 2024 19:53:11 +0545 ----> cannot create new knob
Fri, 11 Oct 2024 19:53:34 +0545 ----> 
Fri, 11 Oct 2024 19:53:34 +0545 ----> how to create monkeys artificially version 4
Fri, 11 Oct 2024 19:53:34 +0545 ----> pq: INSERT has more target columns than expressions
Fri, 11 Oct 2024 19:53:34 +0545 ----> cannot create new knob
Fri, 11 Oct 2024 19:53:34 +0545 ----> 
Fri, 11 Oct 2024 19:53:34 +0545 ----> how to create monkeys artificially version 4
Fri, 11 Oct 2024 19:53:34 +0545 ----> pq: INSERT has more target columns than expressions
Fri, 11 Oct 2024 19:53:34 +0545 ----> cannot create new knob
Fri, 11 Oct 2024 19:53:34 +0545 ----> 
Fri, 11 Oct 2024 19:53:34 +0545 ----> how to create monkeys artificially version 4
Fri, 11 Oct 2024 19:53:34 +0545 ----> pq: INSERT has more target columns than expressions
Fri, 11 Oct 2024 19:53:34 +0545 ----> cannot create new knob
Fri, 11 Oct 2024 19:54:00 +0545 ----> 
Fri, 11 Oct 2024 19:54:00 +0545 ----> how to create monkeys artificially version 4
Fri, 11 Oct 2024 19:54:00 +0545 ----> pq: INSERT has more target columns than expressions
Fri, 11 Oct 2024 19:54:00 +0545 ----> cannot create new knob
Fri, 11 Oct 2024 19:54:55 +0545 ----> 
Fri, 11 Oct 2024 19:54:55 +0545 ----> how to create monkeys artificially version 4
Fri, 11 Oct 2024 19:54:55 +0545 ----> pq: insert or update on table "knobs" violates foreign key constraint "knobs_user_id_fkey"
Fri, 11 Oct 2024 19:54:55 +0545 ----> cannot create new knob
Fri, 11 Oct 2024 19:54:55 +0545 ----> 
Fri, 11 Oct 2024 19:54:55 +0545 ----> how to create monkeys artificially version 4
Fri, 11 Oct 2024 19:54:55 +0545 ----> pq: insert or update on table "knobs" violates foreign key constraint "knobs_user_id_fkey"
Fri, 11 Oct 2024 19:54:55 +0545 ----> cannot create new knob
Fri, 11 Oct 2024 19:54:55 +0545 ----> 
Fri, 11 Oct 2024 19:54:55 +0545 ----> how to create monkeys artificially version 4
Fri, 11 Oct 2024 19:54:55 +0545 ----> pq: insert or update on table "knobs" violates foreign key constraint "knobs_user_id_fkey"
Fri, 11 Oct 2024 19:54:55 +0545 ----> cannot create new knob
Fri, 11 Oct 2024 19:54:55 +0545 ----> 
Fri, 11 Oct 2024 19:54:55 +0545 ----> how to create monkeys artificially version 4
Fri, 11 Oct 2024 19:54:55 +0545 ----> pq: insert or update on table "knobs" violates foreign key constraint "knobs_user_id_fkey"
Fri, 11 Oct 2024 19:54:55 +0545 ----> cannot create new knob
Fri, 11 Oct 2024 19:54:55 +0545 ----> 
Fri, 11 Oct 2024 19:54:55 +0545 ----> how to create monkeys artificially version 4
Fri, 11 Oct 2024 19:54:55 +0545 ----> pq: insert or update on table "knobs" violates foreign key constraint "knobs_user_id_fkey"
Fri, 11 Oct 2024 19:54:55 +0545 ----> cannot create new knob
Fri, 11 Oct 2024 19:54:55 +0545 ----> 
Fri, 11 Oct 2024 19:54:55 +0545 ----> how to create monkeys artificially version 4
Fri, 11 Oct 2024 19:54:55 +0545 ----> pq: insert or update on table "knobs" violates foreign key constraint "knobs_user_id_fkey"
Fri, 11 Oct 2024 19:54:55 +0545 ----> cannot create new knob
Fri, 11 Oct 2024 19:54:55 +0545 ----> 
Fri, 11 Oct 2024 19:54:55 +0545 ----> how to create monkeys artificially version 4
Fri, 11 Oct 2024 19:54:55 +0545 ----> pq: insert or update on table "knobs" violates foreign key constraint "knobs_user_id_fkey"
Fri, 11 Oct 2024 19:54:55 +0545 ----> cannot create new knob
Fri, 11 Oct 2024 19:54:55 +0545 ----> 
Fri, 11 Oct 2024 19:54:55 +0545 ----> how to create monkeys artificially version 4
Fri, 11 Oct 2024 19:54:55 +0545 ----> pq: insert or update on table "knobs" violates foreign key constraint "knobs_user_id_fkey"
Fri, 11 Oct 2024 19:54:55 +0545 ----> cannot create new knob
Fri, 11 Oct 2024 19:54:55 +0545 ----> 
Fri, 11 Oct 2024 19:54:55 +0545 ----> how to create monkeys artificially version 4
Fri, 11 Oct 2024 19:54:55 +0545 ----> pq: insert or update on table "knobs" violates foreign key constraint "knobs_user_id_fkey"
Fri, 11 Oct 2024 19:54:55 +0545 ----> cannot create new knob
Fri, 11 Oct 2024 19:54:55 +0545 ----> 
Fri, 11 Oct 2024 19:54:55 +0545 ----> how to create monkeys artificially version 4
Fri, 11 Oct 2024 19:54:55 +0545 ----> pq: insert or update on table "knobs" violates foreign key constraint "knobs_user_id_fkey"
Fri, 11 Oct 2024 19:54:55 +0545 ----> cannot create new knob
Fri, 11 Oct 2024 19:54:55 +0545 ----> 
Fri, 11 Oct 2024 19:54:55 +0545 ----> how to create monkeys artificially version 4
Fri, 11 Oct 2024 19:54:55 +0545 ----> pq: insert or update on table "knobs" violates foreign key constraint "knobs_user_id_fkey"
Fri, 11 Oct 2024 19:54:55 +0545 ----> cannot create new knob
Fri, 11 Oct 2024 19:54:55 +0545 ----> 
Fri, 11 Oct 2024 19:54:55 +0545 ----> how to create monkeys artificially version 4
Fri, 11 Oct 2024 19:54:55 +0545 ----> pq: insert or update on table "knobs" violates foreign key constraint "knobs_user_id_fkey"
Fri, 11 Oct 2024 19:54:55 +0545 ----> cannot create new knob
Fri, 11 Oct 2024 19:54:55 +0545 ----> 
Fri, 11 Oct 2024 19:54:55 +0545 ----> how to create monkeys artificially version 4
Fri, 11 Oct 2024 19:54:55 +0545 ----> pq: insert or update on table "knobs" violates foreign key constraint "knobs_user_id_fkey"
Fri, 11 Oct 2024 19:54:55 +0545 ----> cannot create new knob
Fri, 11 Oct 2024 19:54:55 +0545 ----> 
Fri, 11 Oct 2024 19:54:55 +0545 ----> how to create monkeys artificially version 4
Fri, 11 Oct 2024 19:54:55 +0545 ----> pq: insert or update on table "knobs" violates foreign key constraint "knobs_user_id_fkey"
Fri, 11 Oct 2024 19:54:55 +0545 ----> cannot create new knob
Fri, 11 Oct 2024 19:54:55 +0545 ----> 
Fri, 11 Oct 2024 19:54:55 +0545 ----> how to create monkeys artificially version 4
Fri, 11 Oct 2024 19:54:55 +0545 ----> pq: insert or update on table "knobs" violates foreign key constraint "knobs_user_id_fkey"
Fri, 11 Oct 2024 19:54:55 +0545 ----> cannot create new knob
Fri, 11 Oct 2024 19:54:55 +0545 ----> 
Fri, 11 Oct 2024 19:54:55 +0545 ----> how to create monkeys artificially version 4
Fri, 11 Oct 2024 19:54:55 +0545 ----> pq: insert or update on table "knobs" violates foreign key constraint "knobs_user_id_fkey"
Fri, 11 Oct 2024 19:54:55 +0545 ----> cannot create new knob
Fri, 11 Oct 2024 19:54:55 +0545 ----> 
Fri, 11 Oct 2024 19:54:55 +0545 ----> how to create monkeys artificially version 4
Fri, 11 Oct 2024 19:54:55 +0545 ----> pq: insert or update on table "knobs" violates foreign key constraint "knobs_user_id_fkey"
Fri, 11 Oct 2024 19:54:55 +0545 ----> cannot create new knob
Fri, 11 Oct 2024 19:54:55 +0545 ----> 
Fri, 11 Oct 2024 19:54:55 +0545 ----> how to create monkeys artificially version 4
Fri, 11 Oct 2024 19:54:55 +0545 ----> pq: insert or update on table "knobs" violates foreign key constraint "knobs_user_id_fkey"
Fri, 11 Oct 2024 19:54:55 +0545 ----> cannot create new knob
Fri, 11 Oct 2024 19:54:55 +0545 ----> 
Fri, 11 Oct 2024 19:54:55 +0545 ----> how to create monkeys artificially version 4
Fri, 11 Oct 2024 19:54:55 +0545 ----> pq: insert or update on table "knobs" violates foreign key constraint "knobs_user_id_fkey"
Fri, 11 Oct 2024 19:54:55 +0545 ----> cannot create new knob
Fri, 11 Oct 2024 19:54:55 +0545 ----> 
Fri, 11 Oct 2024 19:54:55 +0545 ----> how to create monkeys artificially version 4
Fri, 11 Oct 2024 19:54:55 +0545 ----> pq: insert or update on table "knobs" violates foreign key constraint "knobs_user_id_fkey"
Fri, 11 Oct 2024 19:54:55 +0545 ----> cannot create new knob
Fri, 11 Oct 2024 19:54:55 +0545 ----> 
Fri, 11 Oct 2024 19:54:55 +0545 ----> how to create monkeys artificially version 4
Fri, 11 Oct 2024 19:54:55 +0545 ----> pq: insert or update on table "knobs" violates foreign key constraint "knobs_user_id_fkey"
Fri, 11 Oct 2024 19:54:55 +0545 ----> cannot create new knob
Fri, 11 Oct 2024 19:54:55 +0545 ----> 
Fri, 11 Oct 2024 19:54:55 +0545 ----> how to create monkeys artificially version 2323
Fri, 11 Oct 2024 19:54:55 +0545 ----> pq: insert or update on table "knobs" violates foreign key constraint "knobs_user_id_fkey"
Fri, 11 Oct 2024 19:54:55 +0545 ----> cannot create new knob
Fri, 11 Oct 2024 19:56:24 +0545 ----> 
Fri, 11 Oct 2024 19:56:24 +0545 ----> how to create monkeys artificially version 2323
Fri, 11 Oct 2024 19:56:24 +0545 ----> pq: insert or update on table "knobs" violates foreign key constraint "knobs_user_id_fkey"
Fri, 11 Oct 2024 19:56:24 +0545 ----> cannot create new knob
Fri, 11 Oct 2024 19:56:24 +0545 ----> 
Fri, 11 Oct 2024 19:56:24 +0545 ----> how to create monkeys artificially version 2323
Fri, 11 Oct 2024 19:56:24 +0545 ----> pq: insert or update on table "knobs" violates foreign key constraint "knobs_user_id_fkey"
Fri, 11 Oct 2024 19:56:24 +0545 ----> cannot create new knob
Fri, 11 Oct 2024 19:56:31 +0545 ----> 
Fri, 11 Oct 2024 19:56:31 +0545 ----> how to create monkeys artificially version 2323
Fri, 11 Oct 2024 19:56:31 +0545 ----> pq: insert or update on table "knobs" violates foreign key constraint "knobs_user_id_fkey"
Fri, 11 Oct 2024 19:56:31 +0545 ----> cannot create new knob
Fri, 11 Oct 2024 19:56:37 +0545 ----> 
Fri, 11 Oct 2024 19:56:37 +0545 ----> how to create monkeys artificially version 2323
Fri, 11 Oct 2024 19:56:37 +0545 ----> pq: insert or update on table "knobs" violates foreign key constraint "knobs_user_id_fkey"
Fri, 11 Oct 2024 19:56:37 +0545 ----> cannot create new knob
Fri, 11 Oct 2024 19:56:37 +0545 ----> 
Fri, 11 Oct 2024 19:56:37 +0545 ----> how to create monkeys artificially version 2323
Fri, 11 Oct 2024 19:56:37 +0545 ----> pq: insert or update on table "knobs" violates foreign key constraint "knobs_user_id_fkey"
Fri, 11 Oct 2024 19:56:37 +0545 ----> cannot create new knob
Fri, 11 Oct 2024 19:56:46 +0545 ----> 
Fri, 11 Oct 2024 19:56:46 +0545 ----> how to create monkeys artificially version 2323
Fri, 11 Oct 2024 19:56:46 +0545 ----> pq: insert or update on table "knobs" violates foreign key constraint "knobs_user_id_fkey"
Fri, 11 Oct 2024 19:56:46 +0545 ----> cannot create new knob
Fri, 11 Oct 2024 19:57:14 +0545 ----> 
Fri, 11 Oct 2024 19:57:14 +0545 ----> how to create monkeys artificially version 2323
Fri, 11 Oct 2024 19:57:14 +0545 ----> pq: insert or update on table "knobs" violates foreign key constraint "knobs_user_id_fkey"
Fri, 11 Oct 2024 19:57:14 +0545 ----> cannot create new knob
Fri, 11 Oct 2024 19:58:53 +0545 ----> 
Fri, 11 Oct 2024 19:58:53 +0545 ----> how to create monkeys artificially version 2323
Fri, 11 Oct 2024 19:58:53 +0545 ----> pq: insert or update on table "knobs" violates foreign key constraint "knobs_user_id_fkey"
Fri, 11 Oct 2024 19:58:53 +0545 ----> cannot create new knob
Fri, 11 Oct 2024 19:58:53 +0545 ----> 
Fri, 11 Oct 2024 19:58:53 +0545 ----> how to create monkeys artificially version 2323
Fri, 11 Oct 2024 19:58:53 +0545 ----> pq: insert or update on table "knobs" violates foreign key constraint "knobs_user_id_fkey"
Fri, 11 Oct 2024 19:58:53 +0545 ----> cannot create new knob
Fri, 11 Oct 2024 19:58:53 +0545 ----> 
Fri, 11 Oct 2024 19:58:53 +0545 ----> how to create monkeys artificially version 2323
Fri, 11 Oct 2024 19:58:53 +0545 ----> pq: insert or update on table "knobs" violates foreign key constraint "knobs_user_id_fkey"
Fri, 11 Oct 2024 19:58:53 +0545 ----> cannot create new knob
Fri, 11 Oct 2024 19:59:23 +0545 ----> 
Fri, 11 Oct 2024 19:59:23 +0545 ----> how to create monkeys artificially version 2323
Fri, 11 Oct 2024 19:59:23 +0545 ----> pq: insert or update on table "knobs" violates foreign key constraint "knobs_user_id_fkey"
Fri, 11 Oct 2024 19:59:23 +0545 ----> cannot create new knob
Fri, 11 Oct 2024 20:19:01 +0545 ----> 
Fri, 11 Oct 2024 20:19:01 +0545 ----> how to create monkeys artificially version 2323
Fri, 11 Oct 2024 20:19:01 +0545 ----> pq: insert or update on table "knobs" violates foreign key constraint "knobs_user_id_fkey"
Fri, 11 Oct 2024 20:19:01 +0545 ----> cannot create new knob
Fri, 11 Oct 2024 20:19:01 +0545 ----> 
Fri, 11 Oct 2024 20:19:01 +0545 ----> how to create monkeys artificially version 2323
Fri, 11 Oct 2024 20:19:01 +0545 ----> pq: insert or update on table "knobs" violates foreign key constraint "knobs_user_id_fkey"
Fri, 11 Oct 2024 20:19:01 +0545 ----> cannot create new knob
Fri, 11 Oct 2024 20:19:01 +0545 ----> 
Fri, 11 Oct 2024 20:19:01 +0545 ----> how to create monkeys artificially version 2323
Fri, 11 Oct 2024 20:19:01 +0545 ----> pq: insert or update on table "knobs" violates foreign key constraint "knobs_user_id_fkey"
Fri, 11 Oct 2024 20:19:01 +0545 ----> cannot create new knob
Fri, 11 Oct 2024 20:19:01 +0545 ----> 
Fri, 11 Oct 2024 20:19:01 +0545 ----> how to create monkeys artificially version 2323
Fri, 11 Oct 2024 20:19:01 +0545 ----> pq: insert or update on table "knobs" violates foreign key constraint "knobs_user_id_fkey"
Fri, 11 Oct 2024 20:19:01 +0545 ----> cannot create new knob
Fri, 11 Oct 2024 20:19:01 +0545 ----> 
Fri, 11 Oct 2024 20:19:01 +0545 ----> how to create monkeys artificially version 2323
Fri, 11 Oct 2024 20:19:01 +0545 ----> pq: insert or update on table "knobs" violates foreign key constraint "knobs_user_id_fkey"
Fri, 11 Oct 2024 20:19:01 +0545 ----> cannot create new knob
Fri, 11 Oct 2024 20:19:01 +0545 ----> 
Fri, 11 Oct 2024 20:19:01 +0545 ----> how to create monkeys artificially version 2323
Fri, 11 Oct 2024 20:19:01 +0545 ----> pq: insert or update on table "knobs" violates foreign key constraint "knobs_user_id_fkey"
Fri, 11 Oct 2024 20:19:01 +0545 ----> cannot create new knob
Fri, 11 Oct 2024 20:19:01 +0545 ----> 
Fri, 11 Oct 2024 20:19:01 +0545 ----> how to create monkeys artificially version 2323
Fri, 11 Oct 2024 20:19:01 +0545 ----> pq: insert or update on table "knobs" violates foreign key constraint "knobs_user_id_fkey"
Fri, 11 Oct 2024 20:19:01 +0545 ----> cannot create new knob
Fri, 11 Oct 2024 20:19:01 +0545 ----> 
Fri, 11 Oct 2024 20:19:01 +0545 ----> how to create monkeys artificially version 2323
Fri, 11 Oct 2024 20:19:01 +0545 ----> pq: insert or update on table "knobs" violates foreign key constraint "knobs_user_id_fkey"
Fri, 11 Oct 2024 20:19:01 +0545 ----> cannot create new knob
Fri, 11 Oct 2024 20:19:01 +0545 ----> 
Fri, 11 Oct 2024 20:19:01 +0545 ----> how to create monkeys artificially version 2323
Fri, 11 Oct 2024 20:19:01 +0545 ----> pq: insert or update on table "knobs" violates foreign key constraint "knobs_user_id_fkey"
Fri, 11 Oct 2024 20:19:01 +0545 ----> cannot create new knob
Fri, 11 Oct 2024 20:19:01 +0545 ----> 
Fri, 11 Oct 2024 20:19:01 +0545 ----> how to create monkeys artificially version 2323
Fri, 11 Oct 2024 20:19:01 +0545 ----> pq: insert or update on table "knobs" violates foreign key constraint "knobs_user_id_fkey"
Fri, 11 Oct 2024 20:19:01 +0545 ----> cannot create new knob
Fri, 11 Oct 2024 20:19:01 +0545 ----> 
Fri, 11 Oct 2024 20:19:01 +0545 ----> how to create monkeys artificially version 2323
Fri, 11 Oct 2024 20:19:01 +0545 ----> pq: insert or update on table "knobs" violates foreign key constraint "knobs_user_id_fkey"
Fri, 11 Oct 2024 20:19:01 +0545 ----> cannot create new knob
Fri, 11 Oct 2024 20:19:01 +0545 ----> 
Fri, 11 Oct 2024 20:19:01 +0545 ----> how to create monkeys artificially version 2323
Fri, 11 Oct 2024 20:19:01 +0545 ----> pq: insert or update on table "knobs" violates foreign key constraint "knobs_user_id_fkey"
Fri, 11 Oct 2024 20:19:01 +0545 ----> cannot create new knob
Fri, 11 Oct 2024 20:19:01 +0545 ----> 
Fri, 11 Oct 2024 20:19:01 +0545 ----> how to create monkeys artificially version 2323
Fri, 11 Oct 2024 20:19:01 +0545 ----> pq: insert or update on table "knobs" violates foreign key constraint "knobs_user_id_fkey"
Fri, 11 Oct 2024 20:19:01 +0545 ----> cannot create new knob
Fri, 11 Oct 2024 20:19:01 +0545 ----> $2a$10$DtPlpsEPrcVBdtF.bKrAQO6oVRyn3oPhNn4.dTzEJ4745NVraOAPK
Fri, 11 Oct 2024 20:19:01 +0545 ----> how to create monkeys artificially version 2323
Fri, 11 Oct 2024 20:19:01 +0545 ----> created new knob
Fri, 11 Oct 2024 20:21:27 +0545 ----> $2a$10$DtPlpsEPrcVBdtF.bKrAQO6oVRyn3oPhNn4.dTzEJ4745NVraOAPK
Fri, 11 Oct 2024 20:21:27 +0545 ----> how to create monkeys artificially version 2323
Fri, 11 Oct 2024 20:21:27 +0545 ----> Knob already exists
Fri, 11 Oct 2024 20:21:27 +0545 ----> cannot create new knob
Fri, 11 Oct 2024 20:21:27 +0545 ----> $2a$10$DtPlpsEPrcVBdtF.bKrAQO6oVRyn3oPhNn4.dTzEJ4745NVraOAPK
Fri, 11 Oct 2024 20:21:27 +0545 ----> how to create monkeys artificially version 2323
Fri, 11 Oct 2024 20:21:27 +0545 ----> Knob already exists
Fri, 11 Oct 2024 20:21:27 +0545 ----> cannot create new knob
Fri, 11 Oct 2024 20:21:27 +0545 ----> $2a$10$DtPlpsEPrcVBdtF.bKrAQO6oVRyn3oPhNn4.dTzEJ4745NVraOAPK
Fri, 11 Oct 2024 20:21:27 +0545 ----> how to create monkeys artificially version 2323
Fri, 11 Oct 2024 20:21:27 +0545 ----> Knob already exists
Fri, 11 Oct 2024 20:21:27 +0545 ----> cannot create new knob
Fri, 11 Oct 2024 20:21:27 +0545 ----> $2a$10$DtPlpsEPrcVBdtF.bKrAQO6oVRyn3oPhNn4.dTzEJ4745NVraOAPK
Fri, 11 Oct 2024 20:21:27 +0545 ----> how to create monkeys artificially version 2323
Fri, 11 Oct 2024 20:21:27 +0545 ----> Knob already exists
Fri, 11 Oct 2024 20:21:27 +0545 ----> cannot create new knob
Fri, 11 Oct 2024 20:21:27 +0545 ----> $2a$10$DtPlpsEPrcVBdtF.bKrAQO6oVRyn3oPhNn4.dTzEJ4745NVraOAPK
Fri, 11 Oct 2024 20:21:27 +0545 ----> how to create monkeys artificially version 2323
Fri, 11 Oct 2024 20:21:27 +0545 ----> Knob already exists
Fri, 11 Oct 2024 20:21:27 +0545 ----> cannot create new knob
Fri, 11 Oct 2024 20:21:27 +0545 ----> gave session key to monkey2
Sat, 12 Oct 2024 00:23:23 +0545 ----> failed to get knob
Sat, 12 Oct 2024 00:23:23 +0545 ----> failed to get knob
Sat, 12 Oct 2024 00:23:32 +0545 ----> failed to get knob
Sat, 12 Oct 2024 00:28:07 +0545 ----> failed to get knob
Sat, 12 Oct 2024 00:28:07 +0545 ----> failed to get knob
Sat, 12 Oct 2024 00:28:20 +0545 ----> failed to get knob
Sat, 12 Oct 2024 00:28:20 +0545 ----> failed to get knob
Sat, 12 Oct 2024 00:28:20 +0545 ----> failed to get knob
Sat, 12 Oct 2024 00:28:20 +0545 ----> failed to get knob
Sat, 12 Oct 2024 00:28:20 +0545 ----> failed to get knob
Sat, 12 Oct 2024 00:28:20 +0545 ----> failed to get knob
Sat, 12 Oct 2024 00:28:20 +0545 ----> failed to get knob
Sat, 12 Oct 2024 00:28:20 +0545 ----> duplicate user
Sat, 12 Oct 2024 00:28:20 +0545 ----> $2a$10$j4z1WHJqMOYoeB1aWWIg3.wGfdIjo3P/WAKbwdxArYSzV3v1fUX6i
Sat, 12 Oct 2024 00:28:20 +0545 ----> hello world uwu
Sat, 12 Oct 2024 00:28:20 +0545 ----> created new knob
Sat, 12 Oct 2024 00:28:20 +0545 ----> $2a$10$j4z1WHJqMOYoeB1aWWIg3.wGfdIjo3P/WAKbwdxArYSzV3v1fUX6i
Sat, 12 Oct 2024 00:28:20 +0545 ----> abc
Sat, 12 Oct 2024 00:28:20 +0545 ----> created new knob
Sat, 12 Oct 2024 00:39:35 +0545 ----> $2a$10$j4z1WHJqMOYoeB1aWWIg3.wGfdIjo3P/WAKbwdxArYSzV3v1fUX6i
Sat, 12 Oct 2024 00:39:35 +0545 ----> abcd
Sat, 12 Oct 2024 00:39:35 +0545 ----> created new knob
Mon, 14 Oct 2024 16:22:51 +0545 ----> duplicate user
Mon, 14 Oct 2024 16:22:51 +0545 ----> duplicate user
Mon, 14 Oct 2024 16:22:51 +0545 ----> duplicate user
Mon, 14 Oct 2024 16:24:35 +0545 ----> duplicate user
Mon, 14 Oct 2024 16:24:35 +0545 ----> duplicate user
Mon, 14 Oct 2024 16:24:35 +0545 ----> duplicate user
Mon, 14 Oct 2024 16:24:35 +0545 ----> duplicate user
Mon, 14 Oct 2024 16:26:27 +0545 ----> duplicate user
Mon, 14 Oct 2024 16:28:47 +0545 ----> duplicate user
Mon, 14 Oct 2024 16:29:19 +0545 ----> duplicate user
Mon, 14 Oct 2024 16:29:44 +0545 ----> duplicate user
Mon, 14 Oct 2024 16:29:44 +0545 ----> duplicate user
Mon, 14 Oct 2024 16:33:32 +0545 ----> duplicate user
Mon, 14 Oct 2024 16:52:56 +0545 ----> failed to get knob
Mon, 14 Oct 2024 16:52:56 +0545 ----> failed to get knob
Mon, 14 Oct 2024 16:52:56 +0545 ----> cannot retrive user session
Mon, 14 Oct 2024 16:52:56 +0545 ----> cannot retrive user session
Mon, 14 Oct 2024 16:52:56 +0545 ----> failed to get knob
Mon, 14 Oct 2024 16:52:56 +0545 ----> cannot retrive user session
Mon, 14 Oct 2024 16:52:56 +0545 ----> cannot retrive user session
Mon, 14 Oct 2024 16:52:56 +0545 ----> cannot retrive user session
Mon, 14 Oct 2024 16:52:56 +0545 ----> cannot retrive user session
Mon, 14 Oct 2024 16:52:56 +0545 ----> cannot retrive user session
Mon, 14 Oct 2024 16:52:56 +0545 ----> duplicate user
Mon, 14 Oct 2024 16:52:56 +0545 ----> gave session key to aagaman
Mon, 14 Oct 2024 16:52:56 +0545 ----> cannot retrive user session
Mon, 14 Oct 2024 16:52:56 +0545 ----> failed to get knob
Mon, 14 Oct 2024 16:52:56 +0545 ----> failed to get knob
Mon, 14 Oct 2024 16:52:56 +0545 ----> cannot retrive user session
Mon, 14 Oct 2024 16:52:56 +0545 ----> cannot retrive user session
Mon, 14 Oct 2024 16:52:56 +0545 ----> cannot retrive user session
Mon, 14 Oct 2024 16:52:56 +0545 ----> cannot retrive user session
Mon, 14 Oct 2024 16:56:41 +0545 ----> cannot retrive user session
Mon, 14 Oct 2024 16:56:41 +0545 ----> cannot retrive user session
Mon, 14 Oct 2024 16:56:41 +0545 ----> cannot retrive user session
Mon, 14 Oct 2024 16:56:41 +0545 ----> cannot retrive user session
Mon, 14 Oct 2024 16:56:41 +0545 ----> cannot retrive user session
Mon, 14 Oct 2024 16:56:41 +0545 ----> cannot retrive user session
Mon, 14 Oct 2024 16:56:41 +0545 ----> cannot retrive user session
Mon, 14 Oct 2024 16:56:41 +0545 ----> cannot retrive user session
Mon, 14 Oct 2024 16:56:41 +0545 ----> cannot retrive user session
Mon, 14 Oct 2024 16:56:41 +0545 ----> cannot retrive user session
Mon, 14 Oct 2024 16:56:58 +0545 ----> failed to get knob
Mon, 14 Oct 2024 16:56:58 +0545 ----> cannot retrive user session
Mon, 14 Oct 2024 16:56:58 +0545 ----> cannot retrive user session
Mon, 14 Oct 2024 16:56:58 +0545 ----> cannot retrive user session
Mon, 14 Oct 2024 16:56:58 +0545 ----> failed to get knob
Mon, 14 Oct 2024 16:56:58 +0545 ----> gave session key to aagaman
Mon, 14 Oct 2024 16:56:58 +0545 ----> failed to get knob
Mon, 14 Oct 2024 16:56:58 +0545 ----> failed to get knob
Mon, 14 Oct 2024 16:56:58 +0545 ----> failed to get knob
Mon, 14 Oct 2024 16:56:58 +0545 ----> failed to get knob
Mon, 14 Oct 2024 16:56:58 +0545 ----> failed to get knob
Mon, 14 Oct 2024 16:56:58 +0545 ----> failed to get knob
Mon, 14 Oct 2024 16:56:58 +0545 ----> gave session key to aagaman
Mon, 14 Oct 2024 16:56:58 +0545 ----> failed to get knob
Mon, 14 Oct 2024 16:59:59 +0545 ----> 65cfe09198bf0440d531b25f236791f4738b3cab
Mon, 14 Oct 2024 16:59:59 +0545 ----> karedes
Mon, 14 Oct 2024 16:59:59 +0545 ----> created new knob
Mon, 14 Oct 2024 16:59:59 +0545 ----> 65cfe09198bf0440d531b25f236791f4738b3cab
Mon, 14 Oct 2024 16:59:59 +0545 ----> karedes
Mon, 14 Oct 2024 16:59:59 +0545 ----> Knob already exists
Mon, 14 Oct 2024 16:59:59 +0545 ----> cannot create new knob
Mon, 14 Oct 2024 16:59:59 +0545 ----> 65cfe09198bf0440d531b25f236791f4738b3cab
Mon, 14 Oct 2024 16:59:59 +0545 ----> karedes
Mon, 14 Oct 2024 16:59:59 +0545 ----> Knob already exists
Mon, 14 Oct 2024 16:59:59 +0545 ----> cannot create new knob
Mon, 14 Oct 2024 16:59:59 +0545 ----> 65cfe09198bf0440d531b25f236791f4738b3cab
Mon, 14 Oct 2024 16:59:59 +0545 ----> karedes 2
Mon, 14 Oct 2024 16:59:59 +0545 ----> created new knob
